Build started 2/22/2018 1:51:27 PM.
     1>Project "C:\Users\mkashem\Desktop\Computer Science\ComputerScience\cscd396\lightingDEMO\lightingDEMO\lightingDEMO.vcxproj" on node 2 (Build target(s)).
     1>ClCompile:
         C:\Program Files (x86)\Microsoft Visual Studio 14.0\VC\bin\CL.exe /c /I"C:\Users\mkashem\Desktop\Computer Science\ComputerScience\cscd396\lightingDEMO\packages\glm.0.9.8.4\build\native\../..//build/native/include/" /I"C:\Users\mkashem\Desktop\Computer Science\ComputerScience\cscd396\lightingDEMO\packages\nupengl.core.0.1.0.1\build\native\../..//build/native/include/" /ZI /nologo /W3 /WX- /sdl /Od /Oy- /D WIN32 /D _DEBUG /D _CONSOLE /D _UNICODE /D UNICODE /Gm /EHsc /RTC1 /MDd /GS /fp:precise /Zc:wchar_t /Zc:forScope /Zc:inline /Fo"Debug\\" /Fd"Debug\vc140.pdb" /Gd /TP /analyze- /errorReport:prompt TransformedCube.cpp
         TransformedCube.cpp
     1>c:\users\mkashem\desktop\computer science\computerscience\cscd396\lightingdemo\lightingdemo\transformedcube.cpp(13): error C4430: missing type specifier - int assumed. Note: C++ does not support default-int
     1>c:\users\mkashem\desktop\computer science\computerscience\cscd396\lightingdemo\lightingdemo\transformedcube.cpp(13): error C2146: syntax error: missing ';' before identifier 'light_position'
     1>c:\users\mkashem\desktop\computer science\computerscience\cscd396\lightingdemo\lightingdemo\transformedcube.cpp(14): error C4430: missing type specifier - int assumed. Note: C++ does not support default-int
     1>c:\users\mkashem\desktop\computer science\computerscience\cscd396\lightingdemo\lightingdemo\transformedcube.cpp(14): error C2086: 'int vec4': redefinition
         c:\users\mkashem\desktop\computer science\computerscience\cscd396\lightingdemo\lightingdemo\transformedcube.cpp(13): note: see declaration of 'vec4'
     1>c:\users\mkashem\desktop\computer science\computerscience\cscd396\lightingdemo\lightingdemo\transformedcube.cpp(14): error C2146: syntax error: missing ';' before identifier 'light_ambient'
     1>c:\users\mkashem\desktop\computer science\computerscience\cscd396\lightingdemo\lightingdemo\transformedcube.cpp(15): error C4430: missing type specifier - int assumed. Note: C++ does not support default-int
     1>c:\users\mkashem\desktop\computer science\computerscience\cscd396\lightingdemo\lightingdemo\transformedcube.cpp(15): error C2086: 'int vec4': redefinition
         c:\users\mkashem\desktop\computer science\computerscience\cscd396\lightingdemo\lightingdemo\transformedcube.cpp(13): note: see declaration of 'vec4'
     1>c:\users\mkashem\desktop\computer science\computerscience\cscd396\lightingdemo\lightingdemo\transformedcube.cpp(15): error C2146: syntax error: missing ';' before identifier 'light_diffuse'
     1>c:\users\mkashem\desktop\computer science\computerscience\cscd396\lightingdemo\lightingdemo\transformedcube.cpp(16): error C4430: missing type specifier - int assumed. Note: C++ does not support default-int
     1>c:\users\mkashem\desktop\computer science\computerscience\cscd396\lightingdemo\lightingdemo\transformedcube.cpp(16): error C2086: 'int vec4': redefinition
         c:\users\mkashem\desktop\computer science\computerscience\cscd396\lightingdemo\lightingdemo\transformedcube.cpp(13): note: see declaration of 'vec4'
     1>c:\users\mkashem\desktop\computer science\computerscience\cscd396\lightingdemo\lightingdemo\transformedcube.cpp(16): error C2146: syntax error: missing ';' before identifier 'light_specular'
     1>c:\users\mkashem\desktop\computer science\computerscience\cscd396\lightingdemo\lightingdemo\transformedcube.cpp(17): error C4430: missing type specifier - int assumed. Note: C++ does not support default-int
     1>c:\users\mkashem\desktop\computer science\computerscience\cscd396\lightingdemo\lightingdemo\transformedcube.cpp(17): error C2086: 'int vec4': redefinition
         c:\users\mkashem\desktop\computer science\computerscience\cscd396\lightingdemo\lightingdemo\transformedcube.cpp(13): note: see declaration of 'vec4'
     1>c:\users\mkashem\desktop\computer science\computerscience\cscd396\lightingdemo\lightingdemo\transformedcube.cpp(17): error C2146: syntax error: missing ';' before identifier 'material_ambient'
     1>c:\users\mkashem\desktop\computer science\computerscience\cscd396\lightingdemo\lightingdemo\transformedcube.cpp(18): error C4430: missing type specifier - int assumed. Note: C++ does not support default-int
     1>c:\users\mkashem\desktop\computer science\computerscience\cscd396\lightingdemo\lightingdemo\transformedcube.cpp(18): error C2086: 'int vec4': redefinition
         c:\users\mkashem\desktop\computer science\computerscience\cscd396\lightingdemo\lightingdemo\transformedcube.cpp(13): note: see declaration of 'vec4'
     1>c:\users\mkashem\desktop\computer science\computerscience\cscd396\lightingdemo\lightingdemo\transformedcube.cpp(18): error C2146: syntax error: missing ';' before identifier 'material_diffuse'
     1>c:\users\mkashem\desktop\computer science\computerscience\cscd396\lightingdemo\lightingdemo\transformedcube.cpp(19): error C4430: missing type specifier - int assumed. Note: C++ does not support default-int
     1>c:\users\mkashem\desktop\computer science\computerscience\cscd396\lightingdemo\lightingdemo\transformedcube.cpp(19): error C2086: 'int vec4': redefinition
         c:\users\mkashem\desktop\computer science\computerscience\cscd396\lightingdemo\lightingdemo\transformedcube.cpp(13): note: see declaration of 'vec4'
     1>c:\users\mkashem\desktop\computer science\computerscience\cscd396\lightingdemo\lightingdemo\transformedcube.cpp(19): error C2146: syntax error: missing ';' before identifier 'material_specular'
     1>c:\users\mkashem\desktop\computer science\computerscience\cscd396\lightingdemo\lightingdemo\transformedcube.cpp(116): error C2374: 'material_shininess': redefinition; multiple initialization
         c:\users\mkashem\desktop\computer science\computerscience\cscd396\lightingdemo\lightingdemo\transformedcube.cpp(12): note: see declaration of 'material_shininess'
     1>c:\users\mkashem\desktop\computer science\computerscience\cscd396\lightingdemo\lightingdemo\transformedcube.cpp(117): error C2872: 'vec4': ambiguous symbol
         c:\users\mkashem\desktop\computer science\computerscience\cscd396\lightingdemo\lightingdemo\transformedcube.cpp(13): note: could be 'int vec4'
         c:\users\mkashem\desktop\computer science\computerscience\cscd396\lightingdemo\packages\glm.0.9.8.4\build\native\include\glm\detail\type_vec.hpp(464): note: or       'glm::vec4'
     1>c:\users\mkashem\desktop\computer science\computerscience\cscd396\lightingdemo\lightingdemo\transformedcube.cpp(117): error C4430: missing type specifier - int assumed. Note: C++ does not support default-int
     1>c:\users\mkashem\desktop\computer science\computerscience\cscd396\lightingdemo\lightingdemo\transformedcube.cpp(117): error C2086: 'int vec4': redefinition
         c:\users\mkashem\desktop\computer science\computerscience\cscd396\lightingdemo\lightingdemo\transformedcube.cpp(13): note: see declaration of 'vec4'
     1>c:\users\mkashem\desktop\computer science\computerscience\cscd396\lightingdemo\lightingdemo\transformedcube.cpp(117): error C2146: syntax error: missing ';' before identifier 'light_position'
     1>c:\users\mkashem\desktop\computer science\computerscience\cscd396\lightingdemo\lightingdemo\transformedcube.cpp(118): error C2872: 'vec4': ambiguous symbol
         c:\users\mkashem\desktop\computer science\computerscience\cscd396\lightingdemo\lightingdemo\transformedcube.cpp(13): note: could be 'int vec4'
         c:\users\mkashem\desktop\computer science\computerscience\cscd396\lightingdemo\packages\glm.0.9.8.4\build\native\include\glm\detail\type_vec.hpp(464): note: or       'glm::vec4'
     1>c:\users\mkashem\desktop\computer science\computerscience\cscd396\lightingdemo\lightingdemo\transformedcube.cpp(118): error C4430: missing type specifier - int assumed. Note: C++ does not support default-int
     1>c:\users\mkashem\desktop\computer science\computerscience\cscd396\lightingdemo\lightingdemo\transformedcube.cpp(118): error C2086: 'int vec4': redefinition
         c:\users\mkashem\desktop\computer science\computerscience\cscd396\lightingdemo\lightingdemo\transformedcube.cpp(13): note: see declaration of 'vec4'
     1>c:\users\mkashem\desktop\computer science\computerscience\cscd396\lightingdemo\lightingdemo\transformedcube.cpp(118): error C2146: syntax error: missing ';' before identifier 'light_ambient'
     1>c:\users\mkashem\desktop\computer science\computerscience\cscd396\lightingdemo\lightingdemo\transformedcube.cpp(119): error C2872: 'vec4': ambiguous symbol
         c:\users\mkashem\desktop\computer science\computerscience\cscd396\lightingdemo\lightingdemo\transformedcube.cpp(13): note: could be 'int vec4'
         c:\users\mkashem\desktop\computer science\computerscience\cscd396\lightingdemo\packages\glm.0.9.8.4\build\native\include\glm\detail\type_vec.hpp(464): note: or       'glm::vec4'
     1>c:\users\mkashem\desktop\computer science\computerscience\cscd396\lightingdemo\lightingdemo\transformedcube.cpp(119): error C4430: missing type specifier - int assumed. Note: C++ does not support default-int
     1>c:\users\mkashem\desktop\computer science\computerscience\cscd396\lightingdemo\lightingdemo\transformedcube.cpp(119): error C2086: 'int vec4': redefinition
         c:\users\mkashem\desktop\computer science\computerscience\cscd396\lightingdemo\lightingdemo\transformedcube.cpp(13): note: see declaration of 'vec4'
     1>c:\users\mkashem\desktop\computer science\computerscience\cscd396\lightingdemo\lightingdemo\transformedcube.cpp(119): error C2146: syntax error: missing ';' before identifier 'light_diffuse'
     1>c:\users\mkashem\desktop\computer science\computerscience\cscd396\lightingdemo\lightingdemo\transformedcube.cpp(120): error C2872: 'vec4': ambiguous symbol
         c:\users\mkashem\desktop\computer science\computerscience\cscd396\lightingdemo\lightingdemo\transformedcube.cpp(13): note: could be 'int vec4'
         c:\users\mkashem\desktop\computer science\computerscience\cscd396\lightingdemo\packages\glm.0.9.8.4\build\native\include\glm\detail\type_vec.hpp(464): note: or       'glm::vec4'
     1>c:\users\mkashem\desktop\computer science\computerscience\cscd396\lightingdemo\lightingdemo\transformedcube.cpp(120): error C4430: missing type specifier - int assumed. Note: C++ does not support default-int
     1>c:\users\mkashem\desktop\computer science\computerscience\cscd396\lightingdemo\lightingdemo\transformedcube.cpp(120): error C2086: 'int vec4': redefinition
         c:\users\mkashem\desktop\computer science\computerscience\cscd396\lightingdemo\lightingdemo\transformedcube.cpp(13): note: see declaration of 'vec4'
     1>c:\users\mkashem\desktop\computer science\computerscience\cscd396\lightingdemo\lightingdemo\transformedcube.cpp(120): error C2146: syntax error: missing ';' before identifier 'light_specular'
     1>c:\users\mkashem\desktop\computer science\computerscience\cscd396\lightingdemo\lightingdemo\transformedcube.cpp(241): error C2059: syntax error: ')'
     1>c:\users\mkashem\desktop\computer science\computerscience\cscd396\lightingdemo\lightingdemo\transformedcube.cpp(249): error C2065: 'light_position': undeclared identifier
     1>c:\users\mkashem\desktop\computer science\computerscience\cscd396\lightingdemo\lightingdemo\transformedcube.cpp(275): error C2872: 'vec4': ambiguous symbol
         c:\users\mkashem\desktop\computer science\computerscience\cscd396\lightingdemo\lightingdemo\transformedcube.cpp(13): note: could be 'int vec4'
         c:\users\mkashem\desktop\computer science\computerscience\cscd396\lightingdemo\packages\glm.0.9.8.4\build\native\include\glm\detail\type_vec.hpp(464): note: or       'glm::vec4'
     1>c:\users\mkashem\desktop\computer science\computerscience\cscd396\lightingdemo\lightingdemo\transformedcube.cpp(275): error C2146: syntax error: missing ';' before identifier 'material_ambient'
     1>c:\users\mkashem\desktop\computer science\computerscience\cscd396\lightingdemo\lightingdemo\transformedcube.cpp(275): error C3861: 'material_ambient': identifier not found
     1>c:\users\mkashem\desktop\computer science\computerscience\cscd396\lightingdemo\lightingdemo\transformedcube.cpp(276): error C2872: 'vec4': ambiguous symbol
         c:\users\mkashem\desktop\computer science\computerscience\cscd396\lightingdemo\lightingdemo\transformedcube.cpp(13): note: could be 'int vec4'
         c:\users\mkashem\desktop\computer science\computerscience\cscd396\lightingdemo\packages\glm.0.9.8.4\build\native\include\glm\detail\type_vec.hpp(464): note: or       'glm::vec4'
     1>c:\users\mkashem\desktop\computer science\computerscience\cscd396\lightingdemo\lightingdemo\transformedcube.cpp(276): error C2146: syntax error: missing ';' before identifier 'material_diffuse'
     1>c:\users\mkashem\desktop\computer science\computerscience\cscd396\lightingdemo\lightingdemo\transformedcube.cpp(276): error C3861: 'material_diffuse': identifier not found
     1>c:\users\mkashem\desktop\computer science\computerscience\cscd396\lightingdemo\lightingdemo\transformedcube.cpp(277): error C2872: 'vec4': ambiguous symbol
         c:\users\mkashem\desktop\computer science\computerscience\cscd396\lightingdemo\lightingdemo\transformedcube.cpp(13): note: could be 'int vec4'
         c:\users\mkashem\desktop\computer science\computerscience\cscd396\lightingdemo\packages\glm.0.9.8.4\build\native\include\glm\detail\type_vec.hpp(464): note: or       'glm::vec4'
     1>c:\users\mkashem\desktop\computer science\computerscience\cscd396\lightingdemo\lightingdemo\transformedcube.cpp(277): error C2146: syntax error: missing ';' before identifier 'material_specular'
     1>c:\users\mkashem\desktop\computer science\computerscience\cscd396\lightingdemo\lightingdemo\transformedcube.cpp(277): error C3861: 'material_specular': identifier not found
     1>c:\users\mkashem\desktop\computer science\computerscience\cscd396\lightingdemo\lightingdemo\transformedcube.cpp(281): error C2872: 'vec4': ambiguous symbol
         c:\users\mkashem\desktop\computer science\computerscience\cscd396\lightingdemo\lightingdemo\transformedcube.cpp(13): note: could be 'int vec4'
         c:\users\mkashem\desktop\computer science\computerscience\cscd396\lightingdemo\packages\glm.0.9.8.4\build\native\include\glm\detail\type_vec.hpp(464): note: or       'glm::vec4'
     1>c:\users\mkashem\desktop\computer science\computerscience\cscd396\lightingdemo\lightingdemo\transformedcube.cpp(281): error C2146: syntax error: missing ';' before identifier 'ambient_product'
     1>c:\users\mkashem\desktop\computer science\computerscience\cscd396\lightingdemo\lightingdemo\transformedcube.cpp(281): error C2065: 'ambient_product': undeclared identifier
     1>c:\users\mkashem\desktop\computer science\computerscience\cscd396\lightingdemo\lightingdemo\transformedcube.cpp(281): error C2065: 'light_ambient': undeclared identifier
     1>c:\users\mkashem\desktop\computer science\computerscience\cscd396\lightingdemo\lightingdemo\transformedcube.cpp(281): error C2065: 'material_ambient': undeclared identifier
     1>c:\users\mkashem\desktop\computer science\computerscience\cscd396\lightingdemo\lightingdemo\transformedcube.cpp(283): error C2872: 'vec4': ambiguous symbol
         c:\users\mkashem\desktop\computer science\computerscience\cscd396\lightingdemo\lightingdemo\transformedcube.cpp(13): note: could be 'int vec4'
         c:\users\mkashem\desktop\computer science\computerscience\cscd396\lightingdemo\packages\glm.0.9.8.4\build\native\include\glm\detail\type_vec.hpp(464): note: or       'glm::vec4'
     1>c:\users\mkashem\desktop\computer science\computerscience\cscd396\lightingdemo\lightingdemo\transformedcube.cpp(283): error C2146: syntax error: missing ';' before identifier 'diffuse_product'
     1>c:\users\mkashem\desktop\computer science\computerscience\cscd396\lightingdemo\lightingdemo\transformedcube.cpp(283): error C2065: 'diffuse_product': undeclared identifier
     1>c:\users\mkashem\desktop\computer science\computerscience\cscd396\lightingdemo\lightingdemo\transformedcube.cpp(283): error C2065: 'light_diffuse': undeclared identifier
     1>c:\users\mkashem\desktop\computer science\computerscience\cscd396\lightingdemo\lightingdemo\transformedcube.cpp(283): error C2065: 'material_diffuse': undeclared identifier
     1>c:\users\mkashem\desktop\computer science\computerscience\cscd396\lightingdemo\lightingdemo\transformedcube.cpp(284): error C2872: 'vec4': ambiguous symbol
         c:\users\mkashem\desktop\computer science\computerscience\cscd396\lightingdemo\lightingdemo\transformedcube.cpp(13): note: could be 'int vec4'
         c:\users\mkashem\desktop\computer science\computerscience\cscd396\lightingdemo\packages\glm.0.9.8.4\build\native\include\glm\detail\type_vec.hpp(464): note: or       'glm::vec4'
     1>c:\users\mkashem\desktop\computer science\computerscience\cscd396\lightingdemo\lightingdemo\transformedcube.cpp(284): error C2146: syntax error: missing ';' before identifier 'specular_product'
     1>c:\users\mkashem\desktop\computer science\computerscience\cscd396\lightingdemo\lightingdemo\transformedcube.cpp(284): error C2065: 'specular_product': undeclared identifier
     1>c:\users\mkashem\desktop\computer science\computerscience\cscd396\lightingdemo\lightingdemo\transformedcube.cpp(284): error C2065: 'light_specular': undeclared identifier
     1>c:\users\mkashem\desktop\computer science\computerscience\cscd396\lightingdemo\lightingdemo\transformedcube.cpp(284): error C2065: 'material_specular': undeclared identifier
     1>c:\users\mkashem\desktop\computer science\computerscience\cscd396\lightingdemo\lightingdemo\transformedcube.cpp(285): error C2065: 'ambient_product': undeclared identifier
     1>c:\users\mkashem\desktop\computer science\computerscience\cscd396\lightingdemo\lightingdemo\transformedcube.cpp(285): error C2198: 'PFNGLUNIFORM4FVPROC': too few arguments for call
     1>c:\users\mkashem\desktop\computer science\computerscience\cscd396\lightingdemo\lightingdemo\transformedcube.cpp(287): error C2065: 'diffuse_product': undeclared identifier
     1>c:\users\mkashem\desktop\computer science\computerscience\cscd396\lightingdemo\lightingdemo\transformedcube.cpp(287): error C2198: 'PFNGLUNIFORM4FVPROC': too few arguments for call
     1>c:\users\mkashem\desktop\computer science\computerscience\cscd396\lightingdemo\lightingdemo\transformedcube.cpp(288): error C2065: 'specular_product': undeclared identifier
     1>c:\users\mkashem\desktop\computer science\computerscience\cscd396\lightingdemo\lightingdemo\transformedcube.cpp(288): error C2198: 'PFNGLUNIFORM4FVPROC': too few arguments for call
     1>c:\users\mkashem\desktop\computer science\computerscience\cscd396\lightingdemo\lightingdemo\transformedcube.cpp(305): warning C4305: 'initializing': truncation from 'double' to 'GLfloat'
     1>Done Building Project "C:\Users\mkashem\Desktop\Computer Science\ComputerScience\cscd396\lightingDEMO\lightingDEMO\lightingDEMO.vcxproj" (Build target(s)) -- FAILED.

Build FAILED.

Time Elapsed 00:00:02.09
