Build started 2/3/2018 8:04:11 PM.
     1>Project "C:\Users\mkashem\Desktop\Computer Science\cscd396\hexagon\hexagon\hexagon.vcxproj" on node 2 (Build target(s)).
     1>ClCompile:
         C:\Program Files (x86)\Microsoft Visual Studio 14.0\VC\bin\CL.exe /c /I"C:\Users\mkashem\Desktop\Computer Science\cscd396\hexagon\packages\glm.0.9.8.4\build\native\../..//build/native/include/" /I"C:\Users\mkashem\Desktop\Computer Science\cscd396\hexagon\packages\nupengl.core.0.1.0.1\build\native\../..//build/native/include/" /Zi /nologo /W3 /WX- /O2 /Oi /Oy- /GL /D WIN32 /D NDEBUG /D _CONSOLE /D _UNICODE /D UNICODE /Gm- /EHsc /MD /GS /Gy /fp:precise /Zc:wchar_t /Zc:forScope /Zc:inline /Fo"Release\\" /Fd"Release\vc140.pdb" /Gd /TP /analyze- /errorReport:prompt InstancedHexagon.cpp
         InstancedHexagon.cpp
     1>InstancedHexagon.cpp(66): warning C4838: conversion from 'double' to 'GLfloat' requires a narrowing conversion
     1>InstancedHexagon.cpp(66): warning C4305: 'initializing': truncation from 'double' to 'GLfloat'
     1>InstancedHexagon.cpp(77): warning C4838: conversion from 'double' to 'GLfloat' requires a narrowing conversion
     1>InstancedHexagon.cpp(77): warning C4305: 'initializing': truncation from 'double' to 'GLfloat'
     1>InstancedHexagon.cpp(305): warning C4244: '=': conversion from 'int' to 'GLfloat', possible loss of data
     1>InstancedHexagon.cpp(308): warning C4244: '=': conversion from 'int' to 'GLfloat', possible loss of data
     1>InstancedHexagon.cpp(314): warning C4244: '=': conversion from 'double' to 'GLfloat', possible loss of data
     1>InstancedHexagon.cpp(315): warning C4244: '=': conversion from 'double' to 'GLfloat', possible loss of data
       Link:
         C:\Program Files (x86)\Microsoft Visual Studio 14.0\VC\bin\link.exe /ERRORREPORT:PROMPT /OUT:"C:\Users\mkashem\Desktop\Computer Science\cscd396\hexagon\Release\hexagon.exe" /INCREMENTAL:NO /NOLOGO "C:\Users\mkashem\Desktop\Computer Science\cscd396\hexagon\packages\nupengl.core.0.1.0.1\build\native\../..//build/native/lib/Win32\glew32.lib" "C:\Users\mkashem\Desktop\Computer Science\cscd396\hexagon\packages\nupengl.core.0.1.0.1\build\native\../..//build/native/lib/Win32\glfw3dll.lib" "C:\Users\mkashem\Desktop\Computer Science\cscd396\hexagon\packages\nupengl.core.0.1.0.1\build\native\../..//build/native/lib/Win32\freeglut.lib" kernel32.lib user32.lib gdi32.lib winspool.lib comdlg32.lib advapi32.lib shell32.lib ole32.lib oleaut32.lib uuid.lib odbc32.lib odbccp32.lib /MANIFEST /MANIFESTUAC:"level='asInvoker' uiAccess='false'" /manifest:embed /Debug /PDB:"C:\Users\mkashem\Desktop\Computer Science\cscd396\hexagon\Release\hexagon.pdb" /SUBSYSTEM:CONSOLE /OPT:REF /OPT:ICF /LTCG:incremental /TLBID:1 /DYNAMICBASE /NXCOMPAT /IMPLIB:"C:\Users\mkashem\Desktop\Computer Science\cscd396\hexagon\Release\hexagon.lib" /MACHINE:X86 /SAFESEH Release\InstancedHexagon.obj
         Generating code
         1 of 57 functions ( 1.8%) were compiled, the rest were copied from previous compilation.
           0 functions were new in current compilation
           1 functions had inline decision re-evaluated but remain unchanged
         Finished generating code
         hexagon.vcxproj -> C:\Users\mkashem\Desktop\Computer Science\cscd396\hexagon\Release\hexagon.exe
     1>Done Building Project "C:\Users\mkashem\Desktop\Computer Science\cscd396\hexagon\hexagon\hexagon.vcxproj" (Build target(s)).

Build succeeded.

Time Elapsed 00:00:03.50
